\BOOKMARK [0][-]{section*.4}{Table of Contents}{}% 1
\BOOKMARK [0][-]{chapter.1}{Overview of ElmerGrid}{}% 2
\BOOKMARK [1][-]{section.1.1}{Introduction}{chapter.1}% 3
\BOOKMARK [1][-]{section.1.2}{Usage}{chapter.1}% 4
\BOOKMARK [1][-]{section.1.3}{Input formats}{chapter.1}% 5
\BOOKMARK [1][-]{section.1.4}{Output formats}{chapter.1}% 6
\BOOKMARK [1][-]{section.1.5}{ElmerGrid command-line arguments}{chapter.1}% 7
\BOOKMARK [0][-]{chapter.2}{ElmerGrid format}{}% 8
\BOOKMARK [1][-]{section.2.1}{ElmerGrid keywords}{chapter.2}% 9
\BOOKMARK [1][-]{section.2.2}{Command file keywords}{chapter.2}% 10
\BOOKMARK [1][-]{section.2.3}{Mapping modes}{chapter.2}% 11
\BOOKMARK [0][-]{chapter.3}{ElmerGrid mesh generation examples}{}% 12
\BOOKMARK [1][-]{section.3.1}{2D examples}{chapter.3}% 13
\BOOKMARK [1][-]{section.3.2}{3D examples}{chapter.3}% 14
\BOOKMARK [1][-]{section.3.3}{1D examples}{chapter.3}% 15
\BOOKMARK [0][-]{chapter.4}{ElmerGrid mesh manipulation examples}{}% 16
\BOOKMARK [1][-]{section.4.1}{Mesh partitioning}{chapter.4}% 17
\BOOKMARK [1][-]{section.4.2}{Boundary layer creation}{chapter.4}% 18
\BOOKMARK [1][-]{section.4.3}{Mesh extrusion}{chapter.4}% 19
\BOOKMARK [0][-]{chapter.5}{ElmerGrid Interface Examples}{}% 20
\BOOKMARK [1][-]{section.5.1}{Ansys mesh to Elmer}{chapter.5}% 21
\BOOKMARK [1][-]{section.5.2}{Comsol Multiphysics to Elmer}{chapter.5}% 22
\BOOKMARK [1][-]{section.5.3}{Triangle mesh to Elmer}{chapter.5}% 23
\BOOKMARK [0][-]{section*.18}{Index}{}% 24
